2018-11-19 10:28:23.718  INFO 8068 --- [main] com.example.jyl.JylTestApplication       : Starting JylTestApplication on PC201510091007 with PID 8068 (F:\sp\jyl\target\classes started by Administrator in F:\sp\jyl)
2018-11-19 10:28:23.800  INFO 8068 --- [main] com.example.jyl.JylTestApplication       : No active profile set, falling back to default profiles: default
2018-11-19 10:28:24.232  INFO 8068 --- [main] ConfigServletWebServerApplicationContext : Refreshing org.springframework.boot.web.servlet.context.AnnotationConfigServletWebServerApplicationContext@74f0ea28: startup date [Mon Nov 19 10:28:24 CST 2018]; root of context hierarchy
2018-11-19 10:28:26.564  WARN 8068 --- [main] o.m.s.mapper.ClassPathMapperScanner      : No MyBatis mapper was found in '[com.example.jyl.*dao*]' package. Please check your configuration.
2018-11-19 10:28:27.530  WARN 8068 --- [main] o.m.s.mapper.ClassPathMapperScanner      : No MyBatis mapper was found in '[com.example.jyl]' package. Please check your configuration.
2018-11-19 10:28:29.146  INFO 8068 --- [main] o.s.b.w.embedded.tomcat.TomcatWebServer  : Tomcat initialized with port(s): 8080 (http)
2018-11-19 10:28:29.306  INFO 8068 --- [main] o.apache.catalina.core.StandardService   : Starting service [Tomcat]
2018-11-19 10:28:29.307  INFO 8068 --- [main] org.apache.catalina.core.StandardEngine  : Starting Servlet Engine: Apache Tomcat/8.5.31
2018-11-19 10:28:29.317  INFO 8068 --- [localhost-startStop-1] o.a.catalina.core.AprLifecycleListener   : The APR based Apache Tomcat Native library which allows optimal performance in production environments was not found on the java.library.path: [C:\Program Files\Java\jdk1.8.0_121\bin;C:\Windows\Sun\Java\bin;C:\Windows\system32;C:\Windows;C:/Program Files/Java/jdk1.8.0_121/bin/../jre/bin/server;C:/Program Files/Java/jdk1.8.0_121/bin/../jre/bin;C:/Program Files/Java/jdk1.8.0_121/bin/../jre/lib/amd64;C:\Program Files\Java\jdk1.8.0_121\bin;C:\app\Administrator\product\11.2.0\client_1;C:\app\Administrator\product\11.2.0\client_1\bin;C:\Windows\system32;C:\Windows;C:\Windows\System32\Wbem;C:\Windows\System32\WindowsPowerShell\v1.0\;C:\Program Files (x86)\Windows Kits\8.1\Windows Performance Toolkit\;C:\Program Files\Microsoft SQL Server\110\Tools\Binn\;C:\Program Files (x86)\Microsoft SQL Server\100\Tools\Binn\VSShell\Common7\IDE\;C:\Program Files (x86)\Microsoft SQL Server\100\Tools\Binn\;C:\Program Files\Microsoft SQL Server\100\Tools\Binn\;C:\Program Files (x86)\Microsoft SQL Server\100\DTS\Binn\;D:\Program Files\TortoiseSVN\bin;C:\Windows\system32\config\systemprofile\.dnx\bin;C:\Program Files\Microsoft DNX\Dnvm\;C:\Program Files\Microsoft SQL Server\120\Tools\Binn\;C:\Program Files (x86)\nodejs\;C:\PHOENI~1\product\10.1.0\db_1\bin;C:\PHOENI~1\product\10.1.0\db_1\jre\1.4.2\bin\client;C:\PHOENI~1\product\10.1.0\db_1\jre\1.4.2\bin;C:\PHOENI~1\product\10.1.0\db_1\bin;C:\PHOENI~1\product\10.1.0\db_1\jre\1.4.2\bin\client;C:\PHOENI~1\product\10.1.0\db_1\jre\1.4.2\bin;C:\Program Files\Java\jdk1.8.0_121\bin;C:\Program Files\Java\jdk1.8.0_121\jre\bin;C:\Program Files\VisualSVN Server\bin;C:\Users\Administrator\.dnx\bin;C:\Users\Administrator\AppData\Roaming\npm;F:\sts-4.0.1.RELEASE;;.]
2018-11-19 10:28:29.744  INFO 8068 --- [localhost-startStop-1] o.a.c.c.C.[Tomcat].[localhost].[/]       : Initializing Spring embedded WebApplicationContext
2018-11-19 10:28:29.745  INFO 8068 --- [localhost-startStop-1] o.s.web.context.ContextLoader            : Root WebApplicationContext: initialization completed in 5513 ms
2018-11-19 10:28:30.209  INFO 8068 --- [localhost-startStop-1] o.s.b.w.servlet.FilterRegistrationBean   : Mapping filter: 'characterEncodingFilter' to: [/*]
2018-11-19 10:28:30.210  INFO 8068 --- [localhost-startStop-1] o.s.b.w.servlet.FilterRegistrationBean   : Mapping filter: 'hiddenHttpMethodFilter' to: [/*]
2018-11-19 10:28:30.210  INFO 8068 --- [localhost-startStop-1] o.s.b.w.servlet.FilterRegistrationBean   : Mapping filter: 'httpPutFormContentFilter' to: [/*]
2018-11-19 10:28:30.211  INFO 8068 --- [localhost-startStop-1] o.s.b.w.servlet.FilterRegistrationBean   : Mapping filter: 'requestContextFilter' to: [/*]
2018-11-19 10:28:30.211  INFO 8068 --- [localhost-startStop-1] o.s.b.w.servlet.FilterRegistrationBean   : Mapping filter: 'MyFilter' to urls: [/*]
2018-11-19 10:28:30.211  INFO 8068 --- [localhost-startStop-1] o.s.b.w.servlet.FilterRegistrationBean   : Mapping filter: 'webStatFilter' to urls: [/*]
2018-11-19 10:28:30.212  INFO 8068 --- [localhost-startStop-1] o.s.b.w.servlet.FilterRegistrationBean   : Mapping filter: 'remoteIpFilter' to: [/*]
2018-11-19 10:28:30.212  INFO 8068 --- [localhost-startStop-1] o.s.b.w.servlet.ServletRegistrationBean  : Servlet dispatcherServlet mapped to [/]
2018-11-19 10:28:30.214  INFO 8068 --- [localhost-startStop-1] o.s.b.w.servlet.ServletRegistrationBean  : Servlet statViewServlet mapped to [/druid/*]
2018-11-19 10:28:30.965  INFO 8068 --- [main] o.s.w.s.handler.SimpleUrlHandlerMapping  : Mapped URL path [/**/favicon.ico] onto handler of type [class org.springframework.web.servlet.resource.ResourceHttpRequestHandler]
2018-11-19 10:28:31.541  INFO 8068 --- [main] s.w.s.m.m.a.RequestMappingHandlerAdapter : Looking for @ControllerAdvice: org.springframework.boot.web.servlet.context.AnnotationConfigServletWebServerApplicationContext@74f0ea28: startup date [Mon Nov 19 10:28:24 CST 2018]; root of context hierarchy
2018-11-19 10:28:31.653  INFO 8068 --- [main] s.w.s.m.m.a.RequestMappingHandlerMapping : Mapped "{[/hello]}" onto public java.lang.String com.example.jyl.SampleController.index()
2018-11-19 10:28:31.661  INFO 8068 --- [main] s.w.s.m.m.a.RequestMappingHandlerMapping : Mapped "{[/error]}" onto public org.springframework.http.ResponseEntity<java.util.Map<java.lang.String, java.lang.Object>> org.springframework.boot.autoconfigure.web.servlet.error.BasicErrorController.error(javax.servlet.http.HttpServletRequest)
2018-11-19 10:28:31.662  INFO 8068 --- [main] s.w.s.m.m.a.RequestMappingHandlerMapping : Mapped "{[/error],produces=[text/html]}" onto public org.springframework.web.servlet.ModelAndView org.springframework.boot.autoconfigure.web.servlet.error.BasicErrorController.errorHtml(javax.servlet.http.HttpServletRequest,javax.servlet.http.HttpServletResponse)
2018-11-19 10:28:31.704  INFO 8068 --- [main] o.s.w.s.handler.SimpleUrlHandlerMapping  : Mapped URL path [/webjars/**] onto handler of type [class org.springframework.web.servlet.resource.ResourceHttpRequestHandler]
2018-11-19 10:28:31.704  INFO 8068 --- [main] o.s.w.s.handler.SimpleUrlHandlerMapping  : Mapped URL path [/**] onto handler of type [class org.springframework.web.servlet.resource.ResourceHttpRequestHandler]
2018-11-19 10:28:32.673  INFO 8068 --- [main] com.alibaba.druid.pool.DruidDataSource   : {dataSource-1} inited
2018-11-19 10:28:33.662  INFO 8068 --- [main] o.s.j.e.a.AnnotationMBeanExporter        : Registering beans for JMX exposure on startup
2018-11-19 10:28:33.663  INFO 8068 --- [main] o.s.j.e.a.AnnotationMBeanExporter        : Bean with name 'dataSource' has been autodetected for JMX exposure
2018-11-19 10:28:33.665  INFO 8068 --- [main] o.s.j.e.a.AnnotationMBeanExporter        : Bean with name 'statFilter' has been autodetected for JMX exposure
2018-11-19 10:28:33.671  INFO 8068 --- [main] o.s.j.e.a.AnnotationMBeanExporter        : Located MBean 'dataSource': registering with JMX server as MBean [com.alibaba.druid.spring.boot.autoconfigure:name=dataSource,type=DruidDataSourceWrapper]
2018-11-19 10:28:33.672  INFO 8068 --- [main] o.s.j.e.a.AnnotationMBeanExporter        : Located MBean 'statFilter': registering with JMX server as MBean [com.alibaba.druid.filter.stat:name=statFilter,type=StatFilter]
2018-11-19 10:28:33.816  INFO 8068 --- [main] o.s.b.w.embedded.tomcat.TomcatWebServer  : Tomcat started on port(s): 8080 (http) with context path ''
2018-11-19 10:28:33.822  INFO 8068 --- [main] com.example.jyl.JylTestApplication       : Started JylTestApplication in 11.516 seconds (JVM running for 14.044)
2018-11-19 14:58:49.912  INFO 5784 --- [main] com.example.jyl.JylTestApplicationTests  : Starting JylTestApplicationTests on PC201510091007 with PID 5784 (started by Administrator in F:\sp\jyl)
2018-11-19 14:58:49.919  INFO 5784 --- [main] com.example.jyl.JylTestApplicationTests  : No active profile set, falling back to default profiles: default
2018-11-19 14:58:50.133  INFO 5784 --- [main] o.s.w.c.s.GenericWebApplicationContext   : Refreshing org.springframework.web.context.support.GenericWebApplicationContext@64ec96c6: startup date [Mon Nov 19 14:58:50 CST 2018]; root of context hierarchy
2018-11-19 14:58:53.279  WARN 5784 --- [main] o.s.w.c.s.GenericWebApplicationContext   : Exception encountered during context initialization - cancelling refresh attempt: org.springframework.beans.factory.UnsatisfiedDependencyException: Error creating bean with name 'sampleController': Unsatisfied dependency expressed through field 'userService'; nested exception is org.springframework.beans.factory.NoSuchBeanDefinitionException: No qualifying bean of type 'com.example.jyl.service.UserService' available: expected at least 1 bean which qualifies as autowire candidate. Dependency annotations: {@org.springframework.beans.factory.annotation.Autowired(required=true)}
2018-11-19 14:58:53.295  INFO 5784 --- [main] ConditionEvaluationReportLoggingListener : 

Error starting ApplicationContext. To display the conditions report re-run your application with 'debug' enabled.
2018-11-19 14:58:53.641 ERROR 5784 --- [main] o.s.b.d.LoggingFailureAnalysisReporter   : 

***************************
APPLICATION FAILED TO START
***************************

Description:

Field userService in com.example.jyl.SampleController required a bean of type 'com.example.jyl.service.UserService' that could not be found.


Action:

Consider defining a bean of type 'com.example.jyl.service.UserService' in your configuration.

2018-11-19 14:58:53.667 ERROR 5784 --- [main] o.s.test.context.TestContextManager      : Caught exception while allowing TestExecutionListener [org.springframework.test.context.web.ServletTestExecutionListener@7c7b252e] to prepare test instance [com.example.jyl.JylTestApplicationTests@13cd7ea5]

java.lang.IllegalStateException: Failed to load ApplicationContext
	at org.springframework.test.context.cache.DefaultCacheAwareContextLoaderDelegate.loadContext(DefaultCacheAwareContextLoaderDelegate.java:125) ~[spring-test-5.0.7.RELEASE.jar:5.0.7.RELEASE]
	at org.springframework.test.context.support.DefaultTestContext.getApplicationContext(DefaultTestContext.java:108) ~[spring-test-5.0.7.RELEASE.jar:5.0.7.RELEASE]
	at org.springframework.test.context.web.ServletTestExecutionListener.setUpRequestContextIfNecessary(ServletTestExecutionListener.java:190) ~[spring-test-5.0.7.RELEASE.jar:5.0.7.RELEASE]
	at org.springframework.test.context.web.ServletTestExecutionListener.prepareTestInstance(ServletTestExecutionListener.java:132) ~[spring-test-5.0.7.RELEASE.jar:5.0.7.RELEASE]
	at org.springframework.test.context.TestContextManager.prepareTestInstance(TestContextManager.java:246) ~[spring-test-5.0.7.RELEASE.jar:5.0.7.RELEASE]
	at org.springframework.test.context.junit4.SpringJUnit4ClassRunner.createTest(SpringJUnit4ClassRunner.java:227) [spring-test-5.0.7.RELEASE.jar:5.0.7.RELEASE]
	at org.springframework.test.context.junit4.SpringJUnit4ClassRunner$1.runReflectiveCall(SpringJUnit4ClassRunner.java:289) [spring-test-5.0.7.RELEASE.jar:5.0.7.RELEASE]
	at org.junit.internal.runners.model.ReflectiveCallable.run(ReflectiveCallable.java:12) [junit-4.12.jar:4.12]
	at org.springframework.test.context.junit4.SpringJUnit4ClassRunner.methodBlock(SpringJUnit4ClassRunner.java:291) [spring-test-5.0.7.RELEASE.jar:5.0.7.RELEASE]
	at org.springframework.test.context.junit4.SpringJUnit4ClassRunner.runChild(SpringJUnit4ClassRunner.java:246) [spring-test-5.0.7.RELEASE.jar:5.0.7.RELEASE]
	at org.springframework.test.context.junit4.SpringJUnit4ClassRunner.runChild(SpringJUnit4ClassRunner.java:97) [spring-test-5.0.7.RELEASE.jar:5.0.7.RELEASE]
	at org.junit.runners.ParentRunner$3.run(ParentRunner.java:290) [junit-4.12.jar:4.12]
	at org.junit.runners.ParentRunner$1.schedule(ParentRunner.java:71) [junit-4.12.jar:4.12]
	at org.junit.runners.ParentRunner.runChildren(ParentRunner.java:288) [junit-4.12.jar:4.12]
	at org.junit.runners.ParentRunner.access$000(ParentRunner.java:58) [junit-4.12.jar:4.12]
	at org.junit.runners.ParentRunner$2.evaluate(ParentRunner.java:268) [junit-4.12.jar:4.12]
	at org.springframework.test.context.junit4.statements.RunBeforeTestClassCallbacks.evaluate(RunBeforeTestClassCallbacks.java:61) [spring-test-5.0.7.RELEASE.jar:5.0.7.RELEASE]
	at org.springframework.test.context.junit4.statements.RunAfterTestClassCallbacks.evaluate(RunAfterTestClassCallbacks.java:70) [spring-test-5.0.7.RELEASE.jar:5.0.7.RELEASE]
	at org.junit.runners.ParentRunner.run(ParentRunner.java:363) [junit-4.12.jar:4.12]
	at org.springframework.test.context.junit4.SpringJUnit4ClassRunner.run(SpringJUnit4ClassRunner.java:190) [spring-test-5.0.7.RELEASE.jar:5.0.7.RELEASE]
	at org.eclipse.jdt.internal.junit4.runner.JUnit4TestReference.run(JUnit4TestReference.java:89) [.cp/:na]
	at org.eclipse.jdt.internal.junit.runner.TestExecution.run(TestExecution.java:41) [.cp/:na]
	at org.eclipse.jdt.internal.junit.runner.RemoteTestRunner.runTests(RemoteTestRunner.java:541) [.cp/:na]
	at org.eclipse.jdt.internal.junit.runner.RemoteTestRunner.runTests(RemoteTestRunner.java:763) [.cp/:na]
	at org.eclipse.jdt.internal.junit.runner.RemoteTestRunner.run(RemoteTestRunner.java:463) [.cp/:na]
	at org.eclipse.jdt.internal.junit.runner.RemoteTestRunner.main(RemoteTestRunner.java:209) [.cp/:na]
Caused by: org.springframework.beans.factory.UnsatisfiedDependencyException: Error creating bean with name 'sampleController': Unsatisfied dependency expressed through field 'userService'; nested exception is org.springframework.beans.factory.NoSuchBeanDefinitionException: No qualifying bean of type 'com.example.jyl.service.UserService' available: expected at least 1 bean which qualifies as autowire candidate. Dependency annotations: {@org.springframework.beans.factory.annotation.Autowired(required=true)}
	at org.springframework.beans.factory.annotation.AutowiredAnnotationBeanPostProcessor$AutowiredFieldElement.inject(AutowiredAnnotationBeanPostProcessor.java:587) ~[spring-beans-5.0.7.RELEASE.jar:5.0.7.RELEASE]
	at org.springframework.beans.factory.annotation.InjectionMetadata.inject(InjectionMetadata.java:91) ~[spring-beans-5.0.7.RELEASE.jar:5.0.7.RELEASE]
	at org.springframework.beans.factory.annotation.AutowiredAnnotationBeanPostProcessor.postProcessPropertyValues(AutowiredAnnotationBeanPostProcessor.java:373) ~[spring-beans-5.0.7.RELEASE.jar:5.0.7.RELEASE]
	at org.springframework.beans.factory.support.AbstractAutowireCapableBeanFactory.populateBean(AbstractAutowireCapableBeanFactory.java:1350) ~[spring-beans-5.0.7.RELEASE.jar:5.0.7.RELEASE]
	at org.springframework.beans.factory.support.AbstractAutowireCapableBeanFactory.doCreateBean(AbstractAutowireCapableBeanFactory.java:580) ~[spring-beans-5.0.7.RELEASE.jar:5.0.7.RELEASE]
	at org.springframework.beans.factory.support.AbstractAutowireCapableBeanFactory.createBean(AbstractAutowireCapableBeanFactory.java:503) ~[spring-beans-5.0.7.RELEASE.jar:5.0.7.RELEASE]
	at org.springframework.beans.factory.support.AbstractBeanFactory.lambda$doGetBean$0(AbstractBeanFactory.java:317) ~[spring-beans-5.0.7.RELEASE.jar:5.0.7.RELEASE]
	at org.springframework.beans.factory.support.DefaultSingletonBeanRegistry.getSingleton(DefaultSingletonBeanRegistry.java:222) ~[spring-beans-5.0.7.RELEASE.jar:5.0.7.RELEASE]
	at org.springframework.beans.factory.support.AbstractBeanFactory.doGetBean(AbstractBeanFactory.java:315) ~[spring-beans-5.0.7.RELEASE.jar:5.0.7.RELEASE]
	at org.springframework.beans.factory.support.AbstractBeanFactory.getBean(AbstractBeanFactory.java:199) ~[spring-beans-5.0.7.RELEASE.jar:5.0.7.RELEASE]
	at org.springframework.beans.factory.support.DefaultListableBeanFactory.preInstantiateSingletons(DefaultListableBeanFactory.java:760) ~[spring-beans-5.0.7.RELEASE.jar:5.0.7.RELEASE]
	at org.springframework.context.support.AbstractApplicationContext.finishBeanFactoryInitialization(AbstractApplicationContext.java:869) ~[spring-context-5.0.7.RELEASE.jar:5.0.7.RELEASE]
	at org.springframework.context.support.AbstractApplicationContext.refresh(AbstractApplicationContext.java:550) ~[spring-context-5.0.7.RELEASE.jar:5.0.7.RELEASE]
	at org.springframework.boot.SpringApplication.refresh(SpringApplication.java:759) ~[spring-boot-2.0.3.RELEASE.jar:2.0.3.RELEASE]
	at org.springframework.boot.SpringApplication.refreshContext(SpringApplication.java:395) ~[spring-boot-2.0.3.RELEASE.jar:2.0.3.RELEASE]
	at org.springframework.boot.SpringApplication.run(SpringApplication.java:327) ~[spring-boot-2.0.3.RELEASE.jar:2.0.3.RELEASE]
	at org.springframework.boot.test.context.SpringBootContextLoader.loadContext(SpringBootContextLoader.java:139) ~[spring-boot-test-2.0.3.RELEASE.jar:2.0.3.RELEASE]
	at org.springframework.test.context.cache.DefaultCacheAwareContextLoaderDelegate.loadContextInternal(DefaultCacheAwareContextLoaderDelegate.java:99) ~[spring-test-5.0.7.RELEASE.jar:5.0.7.RELEASE]
	at org.springframework.test.context.cache.DefaultCacheAwareContextLoaderDelegate.loadContext(DefaultCacheAwareContextLoaderDelegate.java:117) ~[spring-test-5.0.7.RELEASE.jar:5.0.7.RELEASE]
	... 25 common frames omitted
Caused by: org.springframework.beans.factory.NoSuchBeanDefinitionException: No qualifying bean of type 'com.example.jyl.service.UserService' available: expected at least 1 bean which qualifies as autowire candidate. Dependency annotations: {@org.springframework.beans.factory.annotation.Autowired(required=true)}
	at org.springframework.beans.factory.support.DefaultListableBeanFactory.raiseNoMatchingBeanFound(DefaultListableBeanFactory.java:1509) ~[spring-beans-5.0.7.RELEASE.jar:5.0.7.RELEASE]
	at org.springframework.beans.factory.support.DefaultListableBeanFactory.doResolveDependency(DefaultListableBeanFactory.java:1104) ~[spring-beans-5.0.7.RELEASE.jar:5.0.7.RELEASE]
	at org.springframework.beans.factory.support.DefaultListableBeanFactory.resolveDependency(DefaultListableBeanFactory.java:1065) ~[spring-beans-5.0.7.RELEASE.jar:5.0.7.RELEASE]
	at org.springframework.beans.factory.annotation.AutowiredAnnotationBeanPostProcessor$AutowiredFieldElement.inject(AutowiredAnnotationBeanPostProcessor.java:584) ~[spring-beans-5.0.7.RELEASE.jar:5.0.7.RELEASE]
	... 43 common frames omitted

2018-11-19 14:59:09.429  INFO 8068 --- [RMI TCP Connection(393)-127.0.0.1] inMXBeanRegistrar$SpringApplicationAdmin : Application shutdown requested.
2018-11-19 14:59:09.675  INFO 8068 --- [RMI TCP Connection(393)-127.0.0.1] ConfigServletWebServerApplicationContext : Closing org.springframework.boot.web.servlet.context.AnnotationConfigServletWebServerApplicationContext@74f0ea28: startup date [Mon Nov 19 10:28:24 CST 2018]; root of context hierarchy
2018-11-19 14:59:10.416  INFO 8068 --- [RMI TCP Connection(393)-127.0.0.1] o.s.j.e.a.AnnotationMBeanExporter        : Unregistering JMX-exposed beans on shutdown
2018-11-19 14:59:10.418  INFO 8068 --- [RMI TCP Connection(393)-127.0.0.1] o.s.j.e.a.AnnotationMBeanExporter        : Unregistering JMX-exposed beans
2018-11-19 14:59:10.573  INFO 8068 --- [RMI TCP Connection(393)-127.0.0.1] com.alibaba.druid.pool.DruidDataSource   : {dataSource-1} closed
2018-11-19 14:59:18.998  INFO 10492 --- [main] com.example.jyl.JylTestApplication       : Starting JylTestApplication on PC201510091007 with PID 10492 (F:\sp\jyl\target\classes started by Administrator in F:\sp\jyl)
2018-11-19 14:59:19.002  INFO 10492 --- [main] com.example.jyl.JylTestApplication       : No active profile set, falling back to default profiles: default
2018-11-19 14:59:19.060  INFO 10492 --- [main] ConfigServletWebServerApplicationContext : Refreshing org.springframework.boot.web.servlet.context.AnnotationConfigServletWebServerApplicationContext@3349e9bb: startup date [Mon Nov 19 14:59:19 CST 2018]; root of context hierarchy
2018-11-19 14:59:20.758  INFO 10492 --- [main] o.s.b.w.embedded.tomcat.TomcatWebServer  : Tomcat initialized with port(s): 8080 (http)
2018-11-19 14:59:20.806  INFO 10492 --- [main] o.apache.catalina.core.StandardService   : Starting service [Tomcat]
2018-11-19 14:59:20.807  INFO 10492 --- [main] org.apache.catalina.core.StandardEngine  : Starting Servlet Engine: Apache Tomcat/8.5.31
2018-11-19 14:59:20.814  INFO 10492 --- [localhost-startStop-1] o.a.catalina.core.AprLifecycleListener   : The APR based Apache Tomcat Native library which allows optimal performance in production environments was not found on the java.library.path: [C:\Program Files\Java\jdk1.8.0_121\bin;C:\Windows\Sun\Java\bin;C:\Windows\system32;C:\Windows;C:/Program Files/Java/jdk1.8.0_121/bin/../jre/bin/server;C:/Program Files/Java/jdk1.8.0_121/bin/../jre/bin;C:/Program Files/Java/jdk1.8.0_121/bin/../jre/lib/amd64;C:\Program Files\Java\jdk1.8.0_121\bin;C:\app\Administrator\product\11.2.0\client_1;C:\app\Administrator\product\11.2.0\client_1\bin;C:\Windows\system32;C:\Windows;C:\Windows\System32\Wbem;C:\Windows\System32\WindowsPowerShell\v1.0\;C:\Program Files (x86)\Windows Kits\8.1\Windows Performance Toolkit\;C:\Program Files\Microsoft SQL Server\110\Tools\Binn\;C:\Program Files (x86)\Microsoft SQL Server\100\Tools\Binn\VSShell\Common7\IDE\;C:\Program Files (x86)\Microsoft SQL Server\100\Tools\Binn\;C:\Program Files\Microsoft SQL Server\100\Tools\Binn\;C:\Program Files (x86)\Microsoft SQL Server\100\DTS\Binn\;D:\Program Files\TortoiseSVN\bin;C:\Windows\system32\config\systemprofile\.dnx\bin;C:\Program Files\Microsoft DNX\Dnvm\;C:\Program Files\Microsoft SQL Server\120\Tools\Binn\;C:\Program Files (x86)\nodejs\;C:\PHOENI~1\product\10.1.0\db_1\bin;C:\PHOENI~1\product\10.1.0\db_1\jre\1.4.2\bin\client;C:\PHOENI~1\product\10.1.0\db_1\jre\1.4.2\bin;C:\PHOENI~1\product\10.1.0\db_1\bin;C:\PHOENI~1\product\10.1.0\db_1\jre\1.4.2\bin\client;C:\PHOENI~1\product\10.1.0\db_1\jre\1.4.2\bin;C:\Program Files\Java\jdk1.8.0_121\bin;C:\Program Files\Java\jdk1.8.0_121\jre\bin;C:\Program Files\VisualSVN Server\bin;C:\Users\Administrator\.dnx\bin;C:\Users\Administrator\AppData\Roaming\npm;F:\sts-4.0.1.RELEASE;;.]
2018-11-19 14:59:20.965  INFO 10492 --- [localhost-startStop-1] o.a.c.c.C.[Tomcat].[localhost].[/]       : Initializing Spring embedded WebApplicationContext
2018-11-19 14:59:20.966  INFO 10492 --- [localhost-startStop-1] o.s.web.context.ContextLoader            : Root WebApplicationContext: initialization completed in 1907 ms
2018-11-19 14:59:21.219  INFO 10492 --- [localhost-startStop-1] o.s.b.w.servlet.FilterRegistrationBean   : Mapping filter: 'characterEncodingFilter' to: [/*]
2018-11-19 14:59:21.220  INFO 10492 --- [localhost-startStop-1] o.s.b.w.servlet.FilterRegistrationBean   : Mapping filter: 'hiddenHttpMethodFilter' to: [/*]
2018-11-19 14:59:21.220  INFO 10492 --- [localhost-startStop-1] o.s.b.w.servlet.FilterRegistrationBean   : Mapping filter: 'httpPutFormContentFilter' to: [/*]
2018-11-19 14:59:21.221  INFO 10492 --- [localhost-startStop-1] o.s.b.w.servlet.FilterRegistrationBean   : Mapping filter: 'requestContextFilter' to: [/*]
2018-11-19 14:59:21.221  INFO 10492 --- [localhost-startStop-1] o.s.b.w.servlet.FilterRegistrationBean   : Mapping filter: 'MyFilter' to urls: [/*]
2018-11-19 14:59:21.222  INFO 10492 --- [localhost-startStop-1] o.s.b.w.servlet.FilterRegistrationBean   : Mapping filter: 'webStatFilter' to urls: [/*]
2018-11-19 14:59:21.222  INFO 10492 --- [localhost-startStop-1] o.s.b.w.servlet.FilterRegistrationBean   : Mapping filter: 'remoteIpFilter' to: [/*]
2018-11-19 14:59:21.222  INFO 10492 --- [localhost-startStop-1] o.s.b.w.servlet.ServletRegistrationBean  : Servlet dispatcherServlet mapped to [/]
2018-11-19 14:59:21.224  INFO 10492 --- [localhost-startStop-1] o.s.b.w.servlet.ServletRegistrationBean  : Servlet statViewServlet mapped to [/druid/*]
2018-11-19 14:59:21.366  WARN 10492 --- [main] ConfigServletWebServerApplicationContext : Exception encountered during context initialization - cancelling refresh attempt: org.springframework.beans.factory.UnsatisfiedDependencyException: Error creating bean with name 'sampleController': Unsatisfied dependency expressed through field 'userService'; nested exception is org.springframework.beans.factory.NoSuchBeanDefinitionException: No qualifying bean of type 'com.example.jyl.service.UserService' available: expected at least 1 bean which qualifies as autowire candidate. Dependency annotations: {@org.springframework.beans.factory.annotation.Autowired(required=true)}
2018-11-19 14:59:21.369  INFO 10492 --- [main] o.apache.catalina.core.StandardService   : Stopping service [Tomcat]
2018-11-19 14:59:21.433  INFO 10492 --- [main] ConditionEvaluationReportLoggingListener : 

Error starting ApplicationContext. To display the conditions report re-run your application with 'debug' enabled.
2018-11-19 14:59:21.568 ERROR 10492 --- [main] o.s.b.d.LoggingFailureAnalysisReporter   : 

***************************
APPLICATION FAILED TO START
***************************

Description:

Field userService in com.example.jyl.SampleController required a bean of type 'com.example.jyl.service.UserService' that could not be found.


Action:

Consider defining a bean of type 'com.example.jyl.service.UserService' in your configuration.

2018-11-19 15:00:47.274  INFO 9260 --- [main] com.example.jyl.JylTestApplication       : Starting JylTestApplication on PC201510091007 with PID 9260 (F:\sp\jyl\target\classes started by Administrator in F:\sp\jyl)
2018-11-19 15:00:47.278  INFO 9260 --- [main] com.example.jyl.JylTestApplication       : No active profile set, falling back to default profiles: default
2018-11-19 15:00:47.338  INFO 9260 --- [main] ConfigServletWebServerApplicationContext : Refreshing org.springframework.boot.web.servlet.context.AnnotationConfigServletWebServerApplicationContext@3c19aaa5: startup date [Mon Nov 19 15:00:47 CST 2018]; root of context hierarchy
2018-11-19 15:00:48.872  INFO 9260 --- [main] o.s.b.w.embedded.tomcat.TomcatWebServer  : Tomcat initialized with port(s): 8080 (http)
2018-11-19 15:00:48.910  INFO 9260 --- [main] o.apache.catalina.core.StandardService   : Starting service [Tomcat]
2018-11-19 15:00:48.911  INFO 9260 --- [main] org.apache.catalina.core.StandardEngine  : Starting Servlet Engine: Apache Tomcat/8.5.31
2018-11-19 15:00:48.917  INFO 9260 --- [localhost-startStop-1] o.a.catalina.core.AprLifecycleListener   : The APR based Apache Tomcat Native library which allows optimal performance in production environments was not found on the java.library.path: [C:\Program Files\Java\jdk1.8.0_121\bin;C:\Windows\Sun\Java\bin;C:\Windows\system32;C:\Windows;C:/Program Files/Java/jdk1.8.0_121/bin/../jre/bin/server;C:/Program Files/Java/jdk1.8.0_121/bin/../jre/bin;C:/Program Files/Java/jdk1.8.0_121/bin/../jre/lib/amd64;C:\Program Files\Java\jdk1.8.0_121\bin;C:\app\Administrator\product\11.2.0\client_1;C:\app\Administrator\product\11.2.0\client_1\bin;C:\Windows\system32;C:\Windows;C:\Windows\System32\Wbem;C:\Windows\System32\WindowsPowerShell\v1.0\;C:\Program Files (x86)\Windows Kits\8.1\Windows Performance Toolkit\;C:\Program Files\Microsoft SQL Server\110\Tools\Binn\;C:\Program Files (x86)\Microsoft SQL Server\100\Tools\Binn\VSShell\Common7\IDE\;C:\Program Files (x86)\Microsoft SQL Server\100\Tools\Binn\;C:\Program Files\Microsoft SQL Server\100\Tools\Binn\;C:\Program Files (x86)\Microsoft SQL Server\100\DTS\Binn\;D:\Program Files\TortoiseSVN\bin;C:\Windows\system32\config\systemprofile\.dnx\bin;C:\Program Files\Microsoft DNX\Dnvm\;C:\Program Files\Microsoft SQL Server\120\Tools\Binn\;C:\Program Files (x86)\nodejs\;C:\PHOENI~1\product\10.1.0\db_1\bin;C:\PHOENI~1\product\10.1.0\db_1\jre\1.4.2\bin\client;C:\PHOENI~1\product\10.1.0\db_1\jre\1.4.2\bin;C:\PHOENI~1\product\10.1.0\db_1\bin;C:\PHOENI~1\product\10.1.0\db_1\jre\1.4.2\bin\client;C:\PHOENI~1\product\10.1.0\db_1\jre\1.4.2\bin;C:\Program Files\Java\jdk1.8.0_121\bin;C:\Program Files\Java\jdk1.8.0_121\jre\bin;C:\Program Files\VisualSVN Server\bin;C:\Users\Administrator\.dnx\bin;C:\Users\Administrator\AppData\Roaming\npm;F:\sts-4.0.1.RELEASE;;.]
2018-11-19 15:00:49.061  INFO 9260 --- [localhost-startStop-1] o.a.c.c.C.[Tomcat].[localhost].[/]       : Initializing Spring embedded WebApplicationContext
2018-11-19 15:00:49.061  INFO 9260 --- [localhost-startStop-1] o.s.web.context.ContextLoader            : Root WebApplicationContext: initialization completed in 1723 ms
2018-11-19 15:00:49.290  INFO 9260 --- [localhost-startStop-1] o.s.b.w.servlet.FilterRegistrationBean   : Mapping filter: 'characterEncodingFilter' to: [/*]
2018-11-19 15:00:49.290  INFO 9260 --- [localhost-startStop-1] o.s.b.w.servlet.FilterRegistrationBean   : Mapping filter: 'hiddenHttpMethodFilter' to: [/*]
2018-11-19 15:00:49.290  INFO 9260 --- [localhost-startStop-1] o.s.b.w.servlet.FilterRegistrationBean   : Mapping filter: 'httpPutFormContentFilter' to: [/*]
2018-11-19 15:00:49.291  INFO 9260 --- [localhost-startStop-1] o.s.b.w.servlet.FilterRegistrationBean   : Mapping filter: 'requestContextFilter' to: [/*]
2018-11-19 15:00:49.291  INFO 9260 --- [localhost-startStop-1] o.s.b.w.servlet.FilterRegistrationBean   : Mapping filter: 'MyFilter' to urls: [/*]
2018-11-19 15:00:49.291  INFO 9260 --- [localhost-startStop-1] o.s.b.w.servlet.FilterRegistrationBean   : Mapping filter: 'webStatFilter' to urls: [/*]
2018-11-19 15:00:49.292  INFO 9260 --- [localhost-startStop-1] o.s.b.w.servlet.FilterRegistrationBean   : Mapping filter: 'remoteIpFilter' to: [/*]
2018-11-19 15:00:49.292  INFO 9260 --- [localhost-startStop-1] o.s.b.w.servlet.ServletRegistrationBean  : Servlet dispatcherServlet mapped to [/]
2018-11-19 15:00:49.293  INFO 9260 --- [localhost-startStop-1] o.s.b.w.servlet.ServletRegistrationBean  : Servlet statViewServlet mapped to [/druid/*]
2018-11-19 15:00:49.354  WARN 9260 --- [main] ConfigServletWebServerApplicationContext : Exception encountered during context initialization - cancelling refresh attempt: org.springframework.beans.factory.UnsatisfiedDependencyException: Error creating bean with name 'sampleController': Unsatisfied dependency expressed through field 'userService'; nested exception is org.springframework.beans.factory.NoSuchBeanDefinitionException: No qualifying bean of type 'com.example.jyl.service.UserService' available: expected at least 1 bean which qualifies as autowire candidate. Dependency annotations: {@org.springframework.beans.factory.annotation.Autowired(required=true)}
2018-11-19 15:00:49.357  INFO 9260 --- [main] o.apache.catalina.core.StandardService   : Stopping service [Tomcat]
2018-11-19 15:00:49.404  INFO 9260 --- [main] ConditionEvaluationReportLoggingListener : 

Error starting ApplicationContext. To display the conditions report re-run your application with 'debug' enabled.
2018-11-19 15:00:49.554 ERROR 9260 --- [main] o.s.b.d.LoggingFailureAnalysisReporter   : 

***************************
APPLICATION FAILED TO START
***************************

Description:

Field userService in com.example.jyl.SampleController required a bean of type 'com.example.jyl.service.UserService' that could not be found.


Action:

Consider defining a bean of type 'com.example.jyl.service.UserService' in your configuration.

2018-11-19 15:03:13.384  INFO 10788 --- [main] com.example.jyl.JylTestApplication       : Starting JylTestApplication on PC201510091007 with PID 10788 (F:\sp\jyl\target\classes started by Administrator in F:\sp\jyl)
2018-11-19 15:03:13.388  INFO 10788 --- [main] com.example.jyl.JylTestApplication       : No active profile set, falling back to default profiles: default
2018-11-19 15:03:13.448  INFO 10788 --- [main] ConfigServletWebServerApplicationContext : Refreshing org.springframework.boot.web.servlet.context.AnnotationConfigServletWebServerApplicationContext@3c19aaa5: startup date [Mon Nov 19 15:03:13 CST 2018]; root of context hierarchy
2018-11-19 15:03:15.002  INFO 10788 --- [main] o.s.b.w.embedded.tomcat.TomcatWebServer  : Tomcat initialized with port(s): 8080 (http)
2018-11-19 15:03:15.037  INFO 10788 --- [main] o.apache.catalina.core.StandardService   : Starting service [Tomcat]
2018-11-19 15:03:15.037  INFO 10788 --- [main] org.apache.catalina.core.StandardEngine  : Starting Servlet Engine: Apache Tomcat/8.5.31
2018-11-19 15:03:15.042  INFO 10788 --- [localhost-startStop-1] o.a.catalina.core.AprLifecycleListener   : The APR based Apache Tomcat Native library which allows optimal performance in production environments was not found on the java.library.path: [C:\Program Files\Java\jdk1.8.0_121\bin;C:\Windows\Sun\Java\bin;C:\Windows\system32;C:\Windows;C:/Program Files/Java/jdk1.8.0_121/bin/../jre/bin/server;C:/Program Files/Java/jdk1.8.0_121/bin/../jre/bin;C:/Program Files/Java/jdk1.8.0_121/bin/../jre/lib/amd64;C:\Program Files\Java\jdk1.8.0_121\bin;C:\app\Administrator\product\11.2.0\client_1;C:\app\Administrator\product\11.2.0\client_1\bin;C:\Windows\system32;C:\Windows;C:\Windows\System32\Wbem;C:\Windows\System32\WindowsPowerShell\v1.0\;C:\Program Files (x86)\Windows Kits\8.1\Windows Performance Toolkit\;C:\Program Files\Microsoft SQL Server\110\Tools\Binn\;C:\Program Files (x86)\Microsoft SQL Server\100\Tools\Binn\VSShell\Common7\IDE\;C:\Program Files (x86)\Microsoft SQL Server\100\Tools\Binn\;C:\Program Files\Microsoft SQL Server\100\Tools\Binn\;C:\Program Files (x86)\Microsoft SQL Server\100\DTS\Binn\;D:\Program Files\TortoiseSVN\bin;C:\Windows\system32\config\systemprofile\.dnx\bin;C:\Program Files\Microsoft DNX\Dnvm\;C:\Program Files\Microsoft SQL Server\120\Tools\Binn\;C:\Program Files (x86)\nodejs\;C:\PHOENI~1\product\10.1.0\db_1\bin;C:\PHOENI~1\product\10.1.0\db_1\jre\1.4.2\bin\client;C:\PHOENI~1\product\10.1.0\db_1\jre\1.4.2\bin;C:\PHOENI~1\product\10.1.0\db_1\bin;C:\PHOENI~1\product\10.1.0\db_1\jre\1.4.2\bin\client;C:\PHOENI~1\product\10.1.0\db_1\jre\1.4.2\bin;C:\Program Files\Java\jdk1.8.0_121\bin;C:\Program Files\Java\jdk1.8.0_121\jre\bin;C:\Program Files\VisualSVN Server\bin;C:\Users\Administrator\.dnx\bin;C:\Users\Administrator\AppData\Roaming\npm;F:\sts-4.0.1.RELEASE;;.]
2018-11-19 15:03:15.199  INFO 10788 --- [localhost-startStop-1] o.a.c.c.C.[Tomcat].[localhost].[/]       : Initializing Spring embedded WebApplicationContext
2018-11-19 15:03:15.200  INFO 10788 --- [localhost-startStop-1] o.s.web.context.ContextLoader            : Root WebApplicationContext: initialization completed in 1752 ms
2018-11-19 15:03:15.426  INFO 10788 --- [localhost-startStop-1] o.s.b.w.servlet.FilterRegistrationBean   : Mapping filter: 'characterEncodingFilter' to: [/*]
2018-11-19 15:03:15.427  INFO 10788 --- [localhost-startStop-1] o.s.b.w.servlet.FilterRegistrationBean   : Mapping filter: 'hiddenHttpMethodFilter' to: [/*]
2018-11-19 15:03:15.427  INFO 10788 --- [localhost-startStop-1] o.s.b.w.servlet.FilterRegistrationBean   : Mapping filter: 'httpPutFormContentFilter' to: [/*]
2018-11-19 15:03:15.427  INFO 10788 --- [localhost-startStop-1] o.s.b.w.servlet.FilterRegistrationBean   : Mapping filter: 'requestContextFilter' to: [/*]
2018-11-19 15:03:15.427  INFO 10788 --- [localhost-startStop-1] o.s.b.w.servlet.FilterRegistrationBean   : Mapping filter: 'MyFilter' to urls: [/*]
2018-11-19 15:03:15.428  INFO 10788 --- [localhost-startStop-1] o.s.b.w.servlet.FilterRegistrationBean   : Mapping filter: 'webStatFilter' to urls: [/*]
2018-11-19 15:03:15.428  INFO 10788 --- [localhost-startStop-1] o.s.b.w.servlet.FilterRegistrationBean   : Mapping filter: 'remoteIpFilter' to: [/*]
2018-11-19 15:03:15.428  INFO 10788 --- [localhost-startStop-1] o.s.b.w.servlet.ServletRegistrationBean  : Servlet dispatcherServlet mapped to [/]
2018-11-19 15:03:15.429  INFO 10788 --- [localhost-startStop-1] o.s.b.w.servlet.ServletRegistrationBean  : Servlet statViewServlet mapped to [/druid/*]
2018-11-19 15:03:16.172  INFO 10788 --- [main] com.alibaba.druid.pool.DruidDataSource   : {dataSource-1} inited
2018-11-19 15:03:17.422  INFO 10788 --- [main] o.s.w.s.handler.SimpleUrlHandlerMapping  : Mapped URL path [/**/favicon.ico] onto handler of type [class org.springframework.web.servlet.resource.ResourceHttpRequestHandler]
2018-11-19 15:03:17.761  INFO 10788 --- [main] s.w.s.m.m.a.RequestMappingHandlerAdapter : Looking for @ControllerAdvice: org.springframework.boot.web.servlet.context.AnnotationConfigServletWebServerApplicationContext@3c19aaa5: startup date [Mon Nov 19 15:03:13 CST 2018]; root of context hierarchy
2018-11-19 15:03:17.879  INFO 10788 --- [main] s.w.s.m.m.a.RequestMappingHandlerMapping : Mapped "{[/hello]}" onto public java.lang.String com.example.jyl.SampleController.index()
2018-11-19 15:03:17.881  INFO 10788 --- [main] s.w.s.m.m.a.RequestMappingHandlerMapping : Mapped "{[/test],methods=[GET]}" onto public com.baomidou.mybatisplus.plugins.Page<com.example.jyl.dao.User> com.example.jyl.SampleController.test()
2018-11-19 15:03:17.881  INFO 10788 --- [main] s.w.s.m.m.a.RequestMappingHandlerMapping : Mapped "{[/test_transactional],methods=[GET]}" onto public void com.example.jyl.SampleController.testTransactional()
2018-11-19 15:03:17.884  INFO 10788 --- [main] s.w.s.m.m.a.RequestMappingHandlerMapping : Mapped "{[/page]}" onto public java.lang.Object com.example.jyl.SampleController.selectPage(com.baomidou.mybatisplus.activerecord.Model)
2018-11-19 15:03:17.884  INFO 10788 --- [main] s.w.s.m.m.a.RequestMappingHandlerMapping : Mapped "{[/page],methods=[GET]}" onto public java.lang.Object com.example.jyl.SampleController.page(com.baomidou.mybatisplus.plugins.Page)
2018-11-19 15:03:17.885  INFO 10788 --- [main] s.w.s.m.m.a.RequestMappingHandlerMapping : Mapped "{[/test2],methods=[GET]}" onto public com.example.jyl.dao.User com.example.jyl.SampleController.test2()
2018-11-19 15:03:17.885  INFO 10788 --- [main] s.w.s.m.m.a.RequestMappingHandlerMapping : Mapped "{[/pagehelper],methods=[GET]}" onto public java.lang.Object com.example.jyl.SampleController.pagehelper(com.baomidou.mybatisplus.plugins.Page)
2018-11-19 15:03:17.890  INFO 10788 --- [main] s.w.s.m.m.a.RequestMappingHandlerMapping : Mapped "{[/error]}" onto public org.springframework.http.ResponseEntity<java.util.Map<java.lang.String, java.lang.Object>> org.springframework.boot.autoconfigure.web.servlet.error.BasicErrorController.error(javax.servlet.http.HttpServletRequest)
2018-11-19 15:03:17.891  INFO 10788 --- [main] s.w.s.m.m.a.RequestMappingHandlerMapping : Mapped "{[/error],produces=[text/html]}" onto public org.springframework.web.servlet.ModelAndView org.springframework.boot.autoconfigure.web.servlet.error.BasicErrorController.errorHtml(javax.servlet.http.HttpServletRequest,javax.servlet.http.HttpServletResponse)
2018-11-19 15:03:17.947  INFO 10788 --- [main] o.s.w.s.handler.SimpleUrlHandlerMapping  : Mapped URL path [/webjars/**] onto handler of type [class org.springframework.web.servlet.resource.ResourceHttpRequestHandler]
2018-11-19 15:03:17.948  INFO 10788 --- [main] o.s.w.s.handler.SimpleUrlHandlerMapping  : Mapped URL path [/**] onto handler of type [class org.springframework.web.servlet.resource.ResourceHttpRequestHandler]
2018-11-19 15:03:18.415  INFO 10788 --- [main] o.s.j.e.a.AnnotationMBeanExporter        : Registering beans for JMX exposure on startup
2018-11-19 15:03:18.418  INFO 10788 --- [main] o.s.j.e.a.AnnotationMBeanExporter        : Bean with name 'dataSource' has been autodetected for JMX exposure
2018-11-19 15:03:18.420  INFO 10788 --- [main] o.s.j.e.a.AnnotationMBeanExporter        : Bean with name 'statFilter' has been autodetected for JMX exposure
2018-11-19 15:03:18.430  INFO 10788 --- [main] o.s.j.e.a.AnnotationMBeanExporter        : Located MBean 'dataSource': registering with JMX server as MBean [com.alibaba.druid.spring.boot.autoconfigure:name=dataSource,type=DruidDataSourceWrapper]
2018-11-19 15:03:18.431  INFO 10788 --- [main] o.s.j.e.a.AnnotationMBeanExporter        : Located MBean 'statFilter': registering with JMX server as MBean [com.alibaba.druid.filter.stat:name=statFilter,type=StatFilter]
2018-11-19 15:03:18.597  INFO 10788 --- [main] o.s.b.w.embedded.tomcat.TomcatWebServer  : Tomcat started on port(s): 8080 (http) with context path ''
2018-11-19 15:03:18.603  INFO 10788 --- [main] com.example.jyl.JylTestApplication       : Started JylTestApplication in 5.736 seconds (JVM running for 6.703)
2018-11-19 15:03:33.338  INFO 10688 --- [main] com.example.jyl.JylTestApplicationTests  : Starting JylTestApplicationTests on PC201510091007 with PID 10688 (started by Administrator in F:\sp\jyl)
2018-11-19 15:03:33.340  INFO 10688 --- [main] com.example.jyl.JylTestApplicationTests  : No active profile set, falling back to default profiles: default
2018-11-19 15:03:33.391  INFO 10688 --- [main] o.s.w.c.s.GenericWebApplicationContext   : Refreshing org.springframework.web.context.support.GenericWebApplicationContext@51bd8b5c: startup date [Mon Nov 19 15:03:33 CST 2018]; root of context hierarchy
2018-11-19 15:03:35.279  INFO 10688 --- [main] com.alibaba.druid.pool.DruidDataSource   : {dataSource-1} inited
2018-11-19 15:03:36.642  INFO 10688 --- [main] o.s.w.s.handler.SimpleUrlHandlerMapping  : Mapped URL path [/**/favicon.ico] onto handler of type [class org.springframework.web.servlet.resource.ResourceHttpRequestHandler]
2018-11-19 15:03:37.057  INFO 10688 --- [main] s.w.s.m.m.a.RequestMappingHandlerAdapter : Looking for @ControllerAdvice: org.springframework.web.context.support.GenericWebApplicationContext@51bd8b5c: startup date [Mon Nov 19 15:03:33 CST 2018]; root of context hierarchy
2018-11-19 15:03:37.275  INFO 10688 --- [main] s.w.s.m.m.a.RequestMappingHandlerMapping : Mapped "{[/hello]}" onto public java.lang.String com.example.jyl.SampleController.index()
2018-11-19 15:03:37.277  INFO 10688 --- [main] s.w.s.m.m.a.RequestMappingHandlerMapping : Mapped "{[/test],methods=[GET]}" onto public com.baomidou.mybatisplus.plugins.Page<com.example.jyl.dao.User> com.example.jyl.SampleController.test()
2018-11-19 15:03:37.277  INFO 10688 --- [main] s.w.s.m.m.a.RequestMappingHandlerMapping : Mapped "{[/test_transactional],methods=[GET]}" onto public void com.example.jyl.SampleController.testTransactional()
2018-11-19 15:03:37.278  INFO 10688 --- [main] s.w.s.m.m.a.RequestMappingHandlerMapping : Mapped "{[/page]}" onto public java.lang.Object com.example.jyl.SampleController.selectPage(com.baomidou.mybatisplus.activerecord.Model)
2018-11-19 15:03:37.278  INFO 10688 --- [main] s.w.s.m.m.a.RequestMappingHandlerMapping : Mapped "{[/page],methods=[GET]}" onto public java.lang.Object com.example.jyl.SampleController.page(com.baomidou.mybatisplus.plugins.Page)
2018-11-19 15:03:37.279  INFO 10688 --- [main] s.w.s.m.m.a.RequestMappingHandlerMapping : Mapped "{[/test2],methods=[GET]}" onto public com.example.jyl.dao.User com.example.jyl.SampleController.test2()
2018-11-19 15:03:37.280  INFO 10688 --- [main] s.w.s.m.m.a.RequestMappingHandlerMapping : Mapped "{[/pagehelper],methods=[GET]}" onto public java.lang.Object com.example.jyl.SampleController.pagehelper(com.baomidou.mybatisplus.plugins.Page)
2018-11-19 15:03:37.283  INFO 10688 --- [main] s.w.s.m.m.a.RequestMappingHandlerMapping : Mapped "{[/error]}" onto public org.springframework.http.ResponseEntity<java.util.Map<java.lang.String, java.lang.Object>> org.springframework.boot.autoconfigure.web.servlet.error.BasicErrorController.error(javax.servlet.http.HttpServletRequest)
2018-11-19 15:03:37.285  INFO 10688 --- [main] s.w.s.m.m.a.RequestMappingHandlerMapping : Mapped "{[/error],produces=[text/html]}" onto public org.springframework.web.servlet.ModelAndView org.springframework.boot.autoconfigure.web.servlet.error.BasicErrorController.errorHtml(javax.servlet.http.HttpServletRequest,javax.servlet.http.HttpServletResponse)
2018-11-19 15:03:37.329  INFO 10688 --- [main] o.s.w.s.handler.SimpleUrlHandlerMapping  : Mapped URL path [/webjars/**] onto handler of type [class org.springframework.web.servlet.resource.ResourceHttpRequestHandler]
2018-11-19 15:03:37.329  INFO 10688 --- [main] o.s.w.s.handler.SimpleUrlHandlerMapping  : Mapped URL path [/**] onto handler of type [class org.springframework.web.servlet.resource.ResourceHttpRequestHandler]
2018-11-19 15:03:37.783  INFO 10688 --- [main] com.example.jyl.JylTestApplicationTests  : Started JylTestApplicationTests in 5.165 seconds (JVM running for 6.869)
2018-11-19 15:03:38.457  INFO 10688 --- [Thread-2] o.s.w.c.s.GenericWebApplicationContext   : Closing org.springframework.web.context.support.GenericWebApplicationContext@51bd8b5c: startup date [Mon Nov 19 15:03:33 CST 2018]; root of context hierarchy
2018-11-19 15:03:38.479  INFO 10688 --- [Thread-2] com.alibaba.druid.pool.DruidDataSource   : {dataSource-1} closed
2018-11-19 15:21:05.666  INFO 8456 --- [main] com.example.jyl.JylTestApplicationTests  : Starting JylTestApplicationTests on PC201510091007 with PID 8456 (started by Administrator in F:\sp\jyl)
2018-11-19 15:21:05.667  INFO 8456 --- [main] com.example.jyl.JylTestApplicationTests  : No active profile set, falling back to default profiles: default
2018-11-19 15:21:05.708  INFO 8456 --- [main] o.s.w.c.s.GenericWebApplicationContext   : Refreshing org.springframework.web.context.support.GenericWebApplicationContext@51bd8b5c: startup date [Mon Nov 19 15:21:05 CST 2018]; root of context hierarchy
2018-11-19 15:21:07.681  INFO 8456 --- [main] com.alibaba.druid.pool.DruidDataSource   : {dataSource-1} inited
2018-11-19 15:21:09.040  INFO 8456 --- [main] o.s.w.s.handler.SimpleUrlHandlerMapping  : Mapped URL path [/**/favicon.ico] onto handler of type [class org.springframework.web.servlet.resource.ResourceHttpRequestHandler]
2018-11-19 15:21:09.301  INFO 8456 --- [main] s.w.s.m.m.a.RequestMappingHandlerAdapter : Looking for @ControllerAdvice: org.springframework.web.context.support.GenericWebApplicationContext@51bd8b5c: startup date [Mon Nov 19 15:21:05 CST 2018]; root of context hierarchy
2018-11-19 15:21:09.389  INFO 8456 --- [main] s.w.s.m.m.a.RequestMappingHandlerMapping : Mapped "{[/hello]}" onto public java.lang.String com.example.jyl.SampleController.index()
2018-11-19 15:21:09.390  INFO 8456 --- [main] s.w.s.m.m.a.RequestMappingHandlerMapping : Mapped "{[/test],methods=[GET]}" onto public com.baomidou.mybatisplus.plugins.Page<com.example.jyl.dao.User> com.example.jyl.SampleController.test()
2018-11-19 15:21:09.391  INFO 8456 --- [main] s.w.s.m.m.a.RequestMappingHandlerMapping : Mapped "{[/pagehelper],methods=[GET]}" onto public java.lang.Object com.example.jyl.SampleController.pagehelper(com.baomidou.mybatisplus.plugins.Page)
2018-11-19 15:21:09.391  INFO 8456 --- [main] s.w.s.m.m.a.RequestMappingHandlerMapping : Mapped "{[/page]}" onto public java.lang.Object com.example.jyl.SampleController.selectPage(com.baomidou.mybatisplus.activerecord.Model)
2018-11-19 15:21:09.391  INFO 8456 --- [main] s.w.s.m.m.a.RequestMappingHandlerMapping : Mapped "{[/page],methods=[GET]}" onto public java.lang.Object com.example.jyl.SampleController.page(com.baomidou.mybatisplus.plugins.Page)
2018-11-19 15:21:09.392  INFO 8456 --- [main] s.w.s.m.m.a.RequestMappingHandlerMapping : Mapped "{[/test2],methods=[GET]}" onto public com.example.jyl.dao.User com.example.jyl.SampleController.test2()
2018-11-19 15:21:09.392  INFO 8456 --- [main] s.w.s.m.m.a.RequestMappingHandlerMapping : Mapped "{[/test_transactional],methods=[GET]}" onto public void com.example.jyl.SampleController.testTransactional()
2018-11-19 15:21:09.395  INFO 8456 --- [main] s.w.s.m.m.a.RequestMappingHandlerMapping : Mapped "{[/error]}" onto public org.springframework.http.ResponseEntity<java.util.Map<java.lang.String, java.lang.Object>> org.springframework.boot.autoconfigure.web.servlet.error.BasicErrorController.error(javax.servlet.http.HttpServletRequest)
2018-11-19 15:21:09.396  INFO 8456 --- [main] s.w.s.m.m.a.RequestMappingHandlerMapping : Mapped "{[/error],produces=[text/html]}" onto public org.springframework.web.servlet.ModelAndView org.springframework.boot.autoconfigure.web.servlet.error.BasicErrorController.errorHtml(javax.servlet.http.HttpServletRequest,javax.servlet.http.HttpServletResponse)
2018-11-19 15:21:09.435  INFO 8456 --- [main] o.s.w.s.handler.SimpleUrlHandlerMapping  : Mapped URL path [/webjars/**] onto handler of type [class org.springframework.web.servlet.resource.ResourceHttpRequestHandler]
2018-11-19 15:21:09.436  INFO 8456 --- [main] o.s.w.s.handler.SimpleUrlHandlerMapping  : Mapped URL path [/**] onto handler of type [class org.springframework.web.servlet.resource.ResourceHttpRequestHandler]
2018-11-19 15:21:09.870  INFO 8456 --- [main] com.example.jyl.JylTestApplicationTests  : Started JylTestApplicationTests in 4.905 seconds (JVM running for 6.58)
2018-11-19 15:21:09.989  INFO 8456 --- [Thread-2] o.s.w.c.s.GenericWebApplicationContext   : Closing org.springframework.web.context.support.GenericWebApplicationContext@51bd8b5c: startup date [Mon Nov 19 15:21:05 CST 2018]; root of context hierarchy
2018-11-19 15:21:09.999  INFO 8456 --- [Thread-2] com.alibaba.druid.pool.DruidDataSource   : {dataSource-1} closed
2018-11-19 15:49:28.787  INFO 11024 --- [main] com.example.jyl.JylTestApplicationTests  : Starting JylTestApplicationTests on PC201510091007 with PID 11024 (started by Administrator in F:\sp\jyl)
2018-11-19 15:49:28.847  INFO 11024 --- [main] com.example.jyl.JylTestApplicationTests  : No active profile set, falling back to default profiles: default
2018-11-19 15:49:28.916  INFO 11024 --- [main] o.s.w.c.s.GenericWebApplicationContext   : Refreshing org.springframework.web.context.support.GenericWebApplicationContext@25f9407e: startup date [Mon Nov 19 15:49:28 CST 2018]; root of context hierarchy
2018-11-19 15:49:31.382  INFO 11024 --- [main] com.alibaba.druid.pool.DruidDataSource   : {dataSource-1} inited
2018-11-19 15:49:32.438  INFO 11024 --- [main] o.s.w.s.handler.SimpleUrlHandlerMapping  : Mapped URL path [/**/favicon.ico] onto handler of type [class org.springframework.web.servlet.resource.ResourceHttpRequestHandler]
2018-11-19 15:49:32.794  INFO 11024 --- [main] s.w.s.m.m.a.RequestMappingHandlerAdapter : Looking for @ControllerAdvice: org.springframework.web.context.support.GenericWebApplicationContext@25f9407e: startup date [Mon Nov 19 15:49:28 CST 2018]; root of context hierarchy
2018-11-19 15:49:32.928  INFO 11024 --- [main] s.w.s.m.m.a.RequestMappingHandlerMapping : Mapped "{[/hello]}" onto public java.lang.String com.example.jyl.SampleController.index()
2018-11-19 15:49:32.931  INFO 11024 --- [main] s.w.s.m.m.a.RequestMappingHandlerMapping : Mapped "{[/test],methods=[GET]}" onto public com.baomidou.mybatisplus.plugins.Page<com.example.jyl.dao.User> com.example.jyl.SampleController.test()
2018-11-19 15:49:32.932  INFO 11024 --- [main] s.w.s.m.m.a.RequestMappingHandlerMapping : Mapped "{[/test_transactional],methods=[GET]}" onto public void com.example.jyl.SampleController.testTransactional()
2018-11-19 15:49:32.932  INFO 11024 --- [main] s.w.s.m.m.a.RequestMappingHandlerMapping : Mapped "{[/page]}" onto public java.lang.Object com.example.jyl.SampleController.selectPage(com.baomidou.mybatisplus.activerecord.Model)
2018-11-19 15:49:32.933  INFO 11024 --- [main] s.w.s.m.m.a.RequestMappingHandlerMapping : Mapped "{[/page],methods=[GET]}" onto public java.lang.Object com.example.jyl.SampleController.page(com.baomidou.mybatisplus.plugins.Page)
2018-11-19 15:49:32.933  INFO 11024 --- [main] s.w.s.m.m.a.RequestMappingHandlerMapping : Mapped "{[/test2],methods=[GET]}" onto public com.example.jyl.dao.User com.example.jyl.SampleController.test2()
2018-11-19 15:49:32.933  INFO 11024 --- [main] s.w.s.m.m.a.RequestMappingHandlerMapping : Mapped "{[/pagehelper],methods=[GET]}" onto public java.lang.Object com.example.jyl.SampleController.pagehelper(com.baomidou.mybatisplus.plugins.Page)
2018-11-19 15:49:32.936  INFO 11024 --- [main] s.w.s.m.m.a.RequestMappingHandlerMapping : Mapped "{[/error]}" onto public org.springframework.http.ResponseEntity<java.util.Map<java.lang.String, java.lang.Object>> org.springframework.boot.autoconfigure.web.servlet.error.BasicErrorController.error(javax.servlet.http.HttpServletRequest)
2018-11-19 15:49:32.937  INFO 11024 --- [main] s.w.s.m.m.a.RequestMappingHandlerMapping : Mapped "{[/error],produces=[text/html]}" onto public org.springframework.web.servlet.ModelAndView org.springframework.boot.autoconfigure.web.servlet.error.BasicErrorController.errorHtml(javax.servlet.http.HttpServletRequest,javax.servlet.http.HttpServletResponse)
2018-11-19 15:49:32.985  INFO 11024 --- [main] o.s.w.s.handler.SimpleUrlHandlerMapping  : Mapped URL path [/webjars/**] onto handler of type [class org.springframework.web.servlet.resource.ResourceHttpRequestHandler]
2018-11-19 15:49:32.986  INFO 11024 --- [main] o.s.w.s.handler.SimpleUrlHandlerMapping  : Mapped URL path [/**] onto handler of type [class org.springframework.web.servlet.resource.ResourceHttpRequestHandler]
2018-11-19 15:49:33.574  INFO 11024 --- [main] com.example.jyl.JylTestApplicationTests  : Started JylTestApplicationTests in 5.408 seconds (JVM running for 8.777)
2018-11-19 15:49:33.741  INFO 11024 --- [Thread-2] o.s.w.c.s.GenericWebApplicationContext   : Closing org.springframework.web.context.support.GenericWebApplicationContext@25f9407e: startup date [Mon Nov 19 15:49:28 CST 2018]; root of context hierarchy
2018-11-19 15:49:33.756  INFO 11024 --- [Thread-2] com.alibaba.druid.pool.DruidDataSource   : {dataSource-1} closed
